# JRE version: Java(TM) SE Runtime Environment (17.0.8+9) (build 17.0.8+9-LTS-211)
# Java VM: Java HotSpot(TM) 64-Bit Server VM (17.0.8+9-LTS-211, mixed mode, sharing, tiered, compressed oops, compressed class ptrs, g1 gc, windows-amd64)
GC Precious Log:
 CPUs: 8 total, 8 available
 Memory: 7890M
 Large Page Support: Disabled
 NUMA Support: Disabled
 Compressed Oops: Enabled (32-bit)
 Heap Region Size: 1M
 Heap Min Capacity: 8M
 Heap Initial Capacity: 124M
 Heap Max Capacity: 1974M
 Pre-touch: Disabled
 Parallel Workers: 8
 Concurrent Workers: 2
 Concurrent Refinement Workers: 8
 Periodic GC: Disabled
Heap:
 garbage-first heap   total 257024K, used 177494K [0x0000000084a00000, 0x0000000100000000)
  region size 1024K, 8 young (8192K), 8 survivors (8192K)
 Metaspace       used 27768K, committed 27968K, reserved 1114112K
  class space    used 3356K, committed 3456K, reserved 1048576K
GC Heap History (20 events):
Event: 15.288 GC heap after
{Heap after GC invocations=9 (full 0):
 garbage-first heap   total 96256K, used 50464K [0x0000000084a00000, 0x0000000100000000)
  region size 1024K, 5 young (5120K), 5 survivors (5120K)
 Metaspace       used 27055K, committed 27328K, reserved 1114112K
  class space    used 3294K, committed 3392K, reserved 1048576K
}
Event: 15.647 GC heap before
{Heap before GC invocations=9 (full 0):
 garbage-first heap   total 96256K, used 70944K [0x0000000084a00000, 0x0000000100000000)
  region size 1024K, 25 young (25600K), 5 survivors (5120K)
 Metaspace       used 27628K, committed 27840K, reserved 1114112K
  class space    used 3331K, committed 3392K, reserved 1048576K
}
Event: 15.673 GC heap after
{Heap after GC invocations=10 (full 0):
 garbage-first heap   total 160768K, used 56150K [0x0000000084a00000, 0x0000000100000000)
  region size 1024K, 4 young (4096K), 4 survivors (4096K)
 Metaspace       used 27628K, committed 27840K, reserved 1114112K
  class space    used 3331K, committed 3392K, reserved 1048576K
}
Event: 15.842 GC heap before
{Heap before GC invocations=11 (full 0):
 garbage-first heap   total 160768K, used 99158K [0x0000000084a00000, 0x0000000100000000)
  region size 1024K, 46 young (47104K), 4 survivors (4096K)
 Metaspace       used 27629K, committed 27840K, reserved 1114112K
  class space    used 3331K, committed 3392K, reserved 1048576K
}
Event: 15.850 GC heap after
{Heap after GC invocations=12 (full 0):
 garbage-first heap   total 160768K, used 57928K [0x0000000084a00000, 0x0000000100000000)
  region size 1024K, 1 young (1024K), 1 survivors (1024K)
 Metaspace       used 27629K, committed 27840K, reserved 1114112K
  class space    used 3331K, committed 3392K, reserved 1048576K
}
Event: 15.952 GC heap before
{Heap before GC invocations=12 (full 0):
 garbage-first heap   total 160768K, used 113224K [0x0000000084a00000, 0x0000000100000000)
  region size 1024K, 55 young (56320K), 1 survivors (1024K)
 Metaspace       used 27629K, committed 27840K, reserved 1114112K
  class space    used 3331K, committed 3392K, reserved 1048576K
}
Event: 15.954 GC heap after
{Heap after GC invocations=13 (full 0):
 garbage-first heap   total 160768K, used 58113K [0x0000000084a00000, 0x0000000100000000)
  region size 1024K, 2 young (2048K), 2 survivors (2048K)
 Metaspace       used 27629K, committed 27840K, reserved 1114112K
  class space    used 3331K, committed 3392K, reserved 1048576K
}
Event: 16.075 GC heap before
{Heap before GC invocations=13 (full 0):
 garbage-first heap   total 160768K, used 117505K [0x0000000084a00000, 0x0000000100000000)
  region size 1024K, 60 young (61440K), 2 survivors (2048K)
 Metaspace       used 27629K, committed 27840K, reserved 1114112K
  class space    used 3331K, committed 3392K, reserved 1048576K
}
Event: 16.078 GC heap after
{Heap after GC invocations=14 (full 0):
 garbage-first heap   total 160768K, used 58688K [0x0000000084a00000, 0x0000000100000000)
  region size 1024K, 2 young (2048K), 2 survivors (2048K)
 Metaspace       used 27629K, committed 27840K, reserved 1114112K
  class space    used 3331K, committed 3392K, reserved 1048576K
}
Event: 16.314 GC heap before
{Heap before GC invocations=14 (full 0):
 garbage-first heap   total 160768K, used 123200K [0x0000000084a00000, 0x0000000100000000)
  region size 1024K, 65 young (66560K), 2 survivors (2048K)
 Metaspace       used 27629K, committed 27840K, reserved 1114112K
  class space    used 3331K, committed 3392K, reserved 1048576K
}
Event: 16.318 GC heap after
{Heap after GC invocations=15 (full 0):
 garbage-first heap   total 160768K, used 59423K [0x0000000084a00000, 0x0000000100000000)
  region size 1024K, 3 young (3072K), 3 survivors (3072K)
 Metaspace       used 27629K, committed 27840K, reserved 1114112K
  class space    used 3331K, committed 3392K, reserved 1048576K
}
Event: 16.424 GC heap before
{Heap before GC invocations=15 (full 0):
 garbage-first heap   total 160768K, used 127007K [0x0000000084a00000, 0x0000000100000000)
  region size 1024K, 69 young (70656K), 3 survivors (3072K)
 Metaspace       used 27631K, committed 27840K, reserved 1114112K
  class space    used 3332K, committed 3392K, reserved 1048576K
}
Event: 16.433 GC heap after
{Heap after GC invocations=16 (full 0):
 garbage-first heap   total 204800K, used 60235K [0x0000000084a00000, 0x0000000100000000)
  region size 1024K, 4 young (4096K), 4 survivors (4096K)
 Metaspace       used 27631K, committed 27840K, reserved 1114112K
  class space    used 3332K, committed 3392K, reserved 1048576K
}
Event: 16.815 GC heap before
{Heap before GC invocations=16 (full 0):
 garbage-first heap   total 204800K, used 167755K [0x0000000084a00000, 0x0000000100000000)
  region size 1024K, 109 young (111616K), 4 survivors (4096K)
 Metaspace       used 27631K, committed 27840K, reserved 1114112K
  class space    used 3332K, committed 3392K, reserved 1048576K
}
Event: 16.825 GC heap after
{Heap after GC invocations=17 (full 0):
 garbage-first heap   total 204800K, used 61514K [0x0000000084a00000, 0x0000000100000000)
  region size 1024K, 5 young (5120K), 5 survivors (5120K)
 Metaspace       used 27631K, committed 27840K, reserved 1114112K
  class space    used 3332K, committed 3392K, reserved 1048576K
}
Event: 16.974 GC heap before
{Heap before GC invocations=17 (full 0):
 garbage-first heap   total 204800K, used 170058K [0x0000000084a00000, 0x0000000100000000)
  region size 1024K, 111 young (113664K), 5 survivors (5120K)
 Metaspace       used 27631K, committed 27840K, reserved 1114112K
  class space    used 3332K, committed 3392K, reserved 1048576K
}
Event: 16.983 GC heap after
{Heap after GC invocations=18 (full 0):
 garbage-first heap   total 204800K, used 62724K [0x0000000084a00000, 0x0000000100000000)
  region size 1024K, 6 young (6144K), 6 survivors (6144K)
 Metaspace       used 27631K, committed 27840K, reserved 1114112K
  class space    used 3332K, committed 3392K, reserved 1048576K
}
Event: 17.942 GC heap before
{Heap before GC invocations=18 (full 0):
 garbage-first heap   total 204800K, used 172292K [0x0000000084a00000, 0x0000000100000000)
  region size 1024K, 113 young (115712K), 6 survivors (6144K)
 Metaspace       used 27766K, committed 27968K, reserved 1114112K
  class space    used 3356K, committed 3456K, reserved 1048576K
}
Event: 18.036 GC heap after
{Heap after GC invocations=19 (full 0):
 garbage-first heap   total 257024K, used 140870K [0x0000000084a00000, 0x0000000100000000)
  region size 1024K, 15 young (15360K), 15 survivors (15360K)
 Metaspace       used 27766K, committed 27968K, reserved 1114112K
  class space    used 3356K, committed 3456K, reserved 1048576K
}
Event: 18.199 GC heap before
{Heap before GC invocations=19 (full 0):
 garbage-first heap   total 257024K, used 184902K [0x0000000084a00000, 0x0000000100000000)
  region size 1024K, 58 young (59392K), 15 survivors (15360K)
 Metaspace       used 27768K, committed 27968K, reserved 1114112K
  class space    used 3356K, committed 3456K, reserved 1048576K
}

